300 InputLines were read.
Axis[0] : AvgOffset 291784330001164 AvgSlope -2   preferred Time 523983308665
Axis[1] : AvgOffset 272083281027932 AvgSlope 15   preferred Time 981021866522
Axis[2] : AvgOffset 300451647569801 AvgSlope 1   preferred Time 648715695385
===== Axis[0] ======
[2] and [95] moving at same speed, diff is 519748472352
[2] and [163] moving at same speed, diff is 4165198924716
[2] and [174] moving at same speed, diff is 527077333038
[4] and [58] moving at same speed, diff is 1786621716901
[6] and [111] moving at same speed, diff is 16008645837930
[7] and [92] moving at same speed, diff is 35656107517280
[8] and [267] moving at same speed, diff is 1757273963328
[11] and [96] moving at same speed, diff is 11808491946220
[11] and [162] moving at same speed, diff is 834042296440
[14] and [190] moving at same speed, diff is 30959678888502
[17] and [155] moving at same speed, diff is 11014907876836
[19] and [136] moving at same speed, diff is 3265033139742
[19] and [230] moving at same speed, diff is 553667468442
[21] and [123] moving at same speed, diff is 39121078363563
[22] and [183] moving at same speed, diff is 21299414811590
[24] and [90] moving at same speed, diff is 1569906254944
[24] and [288] moving at same speed, diff is 4149340066392
[25] and [204] moving at same speed, diff is 64532426420
[26] and [131] moving at same speed, diff is 5721859365312
[26] and [210] moving at same speed, diff is 2658058664224
[31] and [106] moving at same speed, diff is 46908341287368
[32] and [270] moving at same speed, diff is 8843959959309
[33] and [226] moving at same speed, diff is 1975584316524
[34] and [147] moving at same speed, diff is 474394294352
[35] and [64] moving at same speed, diff is 25806677417292
[35] and [205] moving at same speed, diff is 11994957822284
[36] and [251] moving at same speed, diff is 192036781335
[38] and [44] moving at same speed, diff is 41840989465429
[39] and [150] moving at same speed, diff is 26256536319344
[41] and [223] moving at same speed, diff is 3546897163014
[43] and [120] moving at same speed, diff is 12582783994280
[43] and [247] moving at same speed, diff is 7595610565011
[46] and [121] moving at same speed, diff is 15609125269005
[47] and [265] moving at same speed, diff is 20573741007105
[49] and [99] moving at same speed, diff is 6329556692888
[50] and [261] moving at same speed, diff is 8822730136534
[51] and [103] moving at same speed, diff is 17983407314936
[52] and [233] moving at same speed, diff is 7007199880850
[53] and [234] moving at same speed, diff is 19422374008144
[56] and [194] moving at same speed, diff is 2182125866443
[61] and [141] moving at same speed, diff is 1300049600478
[61] and [279] moving at same speed, diff is 116848519122
[62] and [198] moving at same speed, diff is 4282003196796
[62] and [278] moving at same speed, diff is 24880551704736
[64] and [205] moving at same speed, diff is 13811719595008
[69] and [100] moving at same speed, diff is 73892596871184
[72] and [207] moving at same speed, diff is 7924234839187
[76] and [112] moving at same speed, diff is 19114314311220
[77] and [294] moving at same speed, diff is 67350958741230
[78] and [209] moving at same speed, diff is 702724874083
[82] and [113] moving at same speed, diff is 35849623287372
[82] and [236] moving at same speed, diff is 4355730657492
[85] and [283] moving at same speed, diff is 26034863665600
[86] and [139] moving at same speed, diff is 14950792975692
[88] and [134] moving at same speed, diff is 50807771281440
[90] and [288] moving at same speed, diff is 2579433811448
[93] and [182] moving at same speed, diff is 6416042815025
[94] and [274] moving at same speed, diff is 84896817543561
[95] and [163] moving at same speed, diff is 4684947397068
[95] and [174] moving at same speed, diff is 7328860686
[96] and [162] moving at same speed, diff is 10974449649780
[97] and [191] moving at same speed, diff is 5222918421392
[101] and [192] moving at same speed, diff is 5519652528808
[102] and [208] moving at same speed, diff is 231268811170
[105] and [245] moving at same speed, diff is 2066466313328
[108] and [242] moving at same speed, diff is 16802125177050
[108] and [243] moving at same speed, diff is 21791521888650
[108] and [297] moving at same speed, diff is 15478005711150
[110] and [220] moving at same speed, diff is 58064882817456
[113] and [236] moving at same speed, diff is 40205353944864
[118] and [201] moving at same speed, diff is 7806826891625
[118] and [216] moving at same speed, diff is 1897982320593
[118] and [293] moving at same speed, diff is 102871689987
[119] and [238] moving at same speed, diff is 68753321136500
[120] and [247] moving at same speed, diff is 20178394559291
[122] and [184] moving at same speed, diff is 18216011531808
[126] and [144] moving at same speed, diff is 8189126739941
[127] and [254] moving at same speed, diff is 42801475640180
[128] and [193] moving at same speed, diff is 9011155836480
[128] and [227] moving at same speed, diff is 1048811693340
[130] and [273] moving at same speed, diff is 2069846411190
[131] and [210] moving at same speed, diff is 8379918029536
[132] and [154] moving at same speed, diff is 23773069613720
[136] and [230] moving at same speed, diff is 3818700608184
[141] and [279] moving at same speed, diff is 1183201081356
[142] and [179] moving at same speed, diff is 940400747240
[148] and [159] moving at same speed, diff is 18882037678602
[149] and [250] moving at same speed, diff is 4444947179904
[153] and [164] moving at same speed, diff is 10638350159805
[153] and [284] moving at same speed, diff is 4355844544125
[153] and [296] moving at same speed, diff is 13967920184355
[157] and [189] moving at same speed, diff is 19941832823087
[158] and [167] moving at same speed, diff is 790641499570
[158] and [221] moving at same speed, diff is 9576283616978
[158] and [298] moving at same speed, diff is 8678569445377
[163] and [174] moving at same speed, diff is 4692276257754
[164] and [284] moving at same speed, diff is 14994194703930
[164] and [296] moving at same speed, diff is 24606270344160
[167] and [221] moving at same speed, diff is 10366925116548
[167] and [298] moving at same speed, diff is 9469210944947
[169] and [172] moving at same speed, diff is 16504498684310
[175] and [259] moving at same speed, diff is 7339206991644
[175] and [280] moving at same speed, diff is 4565321308086
[186] and [282] moving at same speed, diff is 6999370602504
[193] and [227] moving at same speed, diff is 10059967529820
[195] and [212] moving at same speed, diff is 31431565134032
[195] and [263] moving at same speed, diff is 74288656439536
[196] and [257] moving at same speed, diff is 8588967488360
[198] and [278] moving at same speed, diff is 29162554901532
[199] and [292] moving at same speed, diff is 78216605091576
[201] and [216] moving at same speed, diff is 5908844571032
[201] and [293] moving at same speed, diff is 7703955201638
[212] and [263] moving at same speed, diff is 42857091305504
[216] and [293] moving at same speed, diff is 1795110630606
[221] and [298] moving at same speed, diff is 897714171601
[224] and [253] moving at same speed, diff is 102795762682231
[225] and [299] moving at same speed, diff is 292593037280
[228] and [239] moving at same speed, diff is 7649727436810
[237] and [277] moving at same speed, diff is 17305125682585
[242] and [243] moving at same speed, diff is 38593647065700
[242] and [297] moving at same speed, diff is 32280130888200
[243] and [297] moving at same speed, diff is 6313516177500
[246] and [281] moving at same speed, diff is 3011863890857
[259] and [280] moving at same speed, diff is 2773885683558
[284] and [296] moving at same speed, diff is 9612075640230
===== Axis[1] ======
[0] and [265] moving at same speed, diff is 145967328308100
[1] and [293] moving at same speed, diff is 227132726836730
[2] and [50] moving at same speed, diff is 81488114722399
[4] and [10] moving at same speed, diff is 97227630930573
[4] and [88] moving at same speed, diff is 112062615970752
[5] and [174] moving at same speed, diff is 68731960751120
[5] and [289] moving at same speed, diff is 162829433534380
[10] and [88] moving at same speed, diff is 209290246901325
[13] and [39] moving at same speed, diff is 204356737867360
[18] and [162] moving at same speed, diff is 78054994254159
[18] and [235] moving at same speed, diff is 174972227721174
[19] and [86] moving at same speed, diff is 187237018734000
[19] and [177] moving at same speed, diff is 14712237209600
[22] and [37] moving at same speed, diff is 43049608199360
[24] and [87] moving at same speed, diff is 177839837084280
[25] and [277] moving at same speed, diff is 58265440022598
[26] and [108] moving at same speed, diff is 30582098007659
[29] and [47] moving at same speed, diff is 38478334621392
[30] and [72] moving at same speed, diff is 59734843750148
[30] and [96] moving at same speed, diff is 62473674287548
[35] and [68] moving at same speed, diff is 34351299891514
[35] and [252] moving at same speed, diff is 14043484787638
[36] and [241] moving at same speed, diff is 110426401521648
[43] and [292] moving at same speed, diff is 76768215654875
[45] and [153] moving at same speed, diff is 22918637595540
[45] and [161] moving at same speed, diff is 117390455018624
[45] and [218] moving at same speed, diff is 8170981956984
[53] and [273] moving at same speed, diff is 69716209408578
[61] and [173] moving at same speed, diff is 127967664784470
[62] and [169] moving at same speed, diff is 93037045753848
[64] and [65] moving at same speed, diff is 7725596269622
[64] and [234] moving at same speed, diff is 26313000560462
[65] and [234] moving at same speed, diff is 34038596830084
[68] and [252] moving at same speed, diff is 48394784679152
[69] and [215] moving at same speed, diff is 13778077117963
[72] and [96] moving at same speed, diff is 2738830537400
[74] and [283] moving at same speed, diff is 156949106917590
[76] and [93] moving at same speed, diff is 18247876850460
[76] and [222] moving at same speed, diff is 17851173026640
[78] and [195] moving at same speed, diff is 99607187919162
[82] and [231] moving at same speed, diff is 28588036389930
[84] and [200] moving at same speed, diff is 59374833059969
[86] and [177] moving at same speed, diff is 201949255943600
[90] and [95] moving at same speed, diff is 124608853433750
[91] and [131] moving at same speed, diff is 113931542906779
[91] and [209] moving at same speed, diff is 140469781728081
[93] and [222] moving at same speed, diff is 396703823820
[98] and [251] moving at same speed, diff is 196605305714950
[101] and [233] moving at same speed, diff is 111988202562333
[103] and [163] moving at same speed, diff is 137141641960295
[103] and [288] moving at same speed, diff is 61059445691057
[112] and [243] moving at same speed, diff is 61130459271816
[114] and [223] moving at same speed, diff is 89291138056008
[115] and [180] moving at same speed, diff is 179608200198978
[120] and [291] moving at same speed, diff is 206697670435746
[121] and [221] moving at same speed, diff is 115371111592178
[130] and [256] moving at same speed, diff is 115246902777048
[131] and [209] moving at same speed, diff is 26538238821302
[132] and [213] moving at same speed, diff is 194679798439056
[133] and [212] moving at same speed, diff is 27912747529238
[136] and [196] moving at same speed, diff is 80578784867520
[138] and [167] moving at same speed, diff is 22203153562495
[140] and [191] moving at same speed, diff is 115551024768765
[145] and [190] moving at same speed, diff is 100373629972470
[147] and [192] moving at same speed, diff is 184751826089446
[151] and [299] moving at same speed, diff is 159460194629008
[153] and [161] moving at same speed, diff is 94471817423084
[153] and [218] moving at same speed, diff is 14747655638556
[158] and [269] moving at same speed, diff is 23023312131874
[161] and [218] moving at same speed, diff is 109219473061640
[162] and [235] moving at same speed, diff is 96917233467015
[163] and [288] moving at same speed, diff is 198201087651352
[164] and [271] moving at same speed, diff is 10992049922168
[174] and [289] moving at same speed, diff is 231561394285500
[183] and [186] moving at same speed, diff is 60198808963776
[185] and [296] moving at same speed, diff is 51882075870450
[214] and [278] moving at same speed, diff is 9441708563400
[242] and [248] moving at same speed, diff is 222994479432609
[282] and [287] moving at same speed, diff is 48149645997075
===== Axis[2] ======
[1] and [175] moving at same speed, diff is 17832999989221
[1] and [185] moving at same speed, diff is 40087882934852
[2] and [29] moving at same speed, diff is 29070955765085
[2] and [231] moving at same speed, diff is 39164257018510
[5] and [291] moving at same speed, diff is 22777901016717
[11] and [127] moving at same speed, diff is 41732877682043
[13] and [228] moving at same speed, diff is 10648077934900
[14] and [90] moving at same speed, diff is 34551887676730
[14] and [211] moving at same speed, diff is 56658520098940
[15] and [199] moving at same speed, diff is 36572691563538
[18] and [101] moving at same speed, diff is 40569909516528
[18] and [261] moving at same speed, diff is 64311160677124
[19] and [288] moving at same speed, diff is 8204799671427
[22] and [266] moving at same speed, diff is 51760058476882
[24] and [35] moving at same speed, diff is 3933354640278
[25] and [289] moving at same speed, diff is 40079142057010
[26] and [63] moving at same speed, diff is 4581213406858
[26] and [76] moving at same speed, diff is 13414299230002
[26] and [290] moving at same speed, diff is 12614739765166
[29] and [231] moving at same speed, diff is 10093301253425
[33] and [217] moving at same speed, diff is 7335931901660
[36] and [144] moving at same speed, diff is 112916154955021
[39] and [233] moving at same speed, diff is 61352564693244
[51] and [119] moving at same speed, diff is 130048109585076
[58] and [85] moving at same speed, diff is 46458278768880
[61] and [277] moving at same speed, diff is 61069219636
[63] and [76] moving at same speed, diff is 17995512636860
[63] and [290] moving at same speed, diff is 17195953172024
[64] and [131] moving at same speed, diff is 9190514190546
[64] and [180] moving at same speed, diff is 6855101017452
[66] and [281] moving at same speed, diff is 114910794191808
[67] and [75] moving at same speed, diff is 79012788558004
[68] and [142] moving at same speed, diff is 1532440421127
[68] and [270] moving at same speed, diff is 46027879871435
[69] and [293] moving at same speed, diff is 54263508988293
[73] and [285] moving at same speed, diff is 33383897017776
[76] and [290] moving at same speed, diff is 799559464836
[78] and [92] moving at same speed, diff is 21588213519600
[80] and [252] moving at same speed, diff is 406681479372
[87] and [125] moving at same speed, diff is 6110351422110
[90] and [211] moving at same speed, diff is 91210407775670
[91] and [153] moving at same speed, diff is 44862408543792
[101] and [261] moving at same speed, diff is 23741251160596
[103] and [209] moving at same speed, diff is 5109096255513
[106] and [280] moving at same speed, diff is 1978223535640
[113] and [232] moving at same speed, diff is 12733523336783
[113] and [296] moving at same speed, diff is 14405974352026
[124] and [155] moving at same speed, diff is 8100241289199
[131] and [180] moving at same speed, diff is 2335413173094
[140] and [191] moving at same speed, diff is 36191453040783
[142] and [270] moving at same speed, diff is 44495439450308
[149] and [235] moving at same speed, diff is 8907994283345
[158] and [216] moving at same speed, diff is 9825692259364
[171] and [230] moving at same speed, diff is 141073846632399
[174] and [278] moving at same speed, diff is 13107207677445
[175] and [185] moving at same speed, diff is 57920882924073
[177] and [272] moving at same speed, diff is 93212231461176
[178] and [258] moving at same speed, diff is 41285028457876
[197] and [215] moving at same speed, diff is 43490044234208
[202] and [249] moving at same speed, diff is 74302934994328
[208] and [218] moving at same speed, diff is 1432393549312
[208] and [268] moving at same speed, diff is 13796968171648
[213] and [265] moving at same speed, diff is 136533715027578
[218] and [268] moving at same speed, diff is 12364574622336
[219] and [242] moving at same speed, diff is 104509536306097
[221] and [292] moving at same speed, diff is 3564128223583
[226] and [283] moving at same speed, diff is 64768730166672
[232] and [296] moving at same speed, diff is 27139497688809
[257] and [264] moving at same speed, diff is 53507292611536
[279] and [282] moving at same speed, diff is 56755565051832
Found Sum 0
